C:\USERS\PAVEL\DOCUMENTS\UCSP\GIT\PARALELO\PARALELO_TAREAS_CPU\TRABAJ1_TSP_MPI\RELEASE\SOURCE.OBJ
C:\USERS\PAVEL\DOCUMENTS\UCSP\GIT\PARALELO\PARALELO_TAREAS_CPU\TRABAJ1_TSP_MPI\RELEASE\VC110.PDB
C:\USERS\PAVEL\DOCUMENTS\UCSP\GIT\PARALELO\PARALELO_TAREAS_CPU\RELEASE\TRABAJ1_TSP_MPI.EXE
C:\USERS\PAVEL\DOCUMENTS\UCSP\GIT\PARALELO\PARALELO_TAREAS_CPU\RELEASE\TRABAJ1_TSP_MPI.PDB
C:\Users\Pavel\Documents\UCSP\git\paralelo\paralelo_tareas_cpu\trabaj1_tsp_mpi\Release\Source.obj
C:\Users\Pavel\Documents\UCSP\git\paralelo\paralelo_tareas_cpu\trabaj1_tsp_mpi\Release\cl.command.1.tlog
C:\Users\Pavel\Documents\UCSP\git\paralelo\paralelo_tareas_cpu\trabaj1_tsp_mpi\Release\CL.read.1.tlog
C:\Users\Pavel\Documents\UCSP\git\paralelo\paralelo_tareas_cpu\trabaj1_tsp_mpi\Release\CL.write.1.tlog
C:\Users\Pavel\Documents\UCSP\git\paralelo\paralelo_tareas_cpu\trabaj1_tsp_mpi\Release\link-cvtres.read.1.tlog
C:\Users\Pavel\Documents\UCSP\git\paralelo\paralelo_tareas_cpu\trabaj1_tsp_mpi\Release\link-cvtres.write.1.tlog
C:\Users\Pavel\Documents\UCSP\git\paralelo\paralelo_tareas_cpu\trabaj1_tsp_mpi\Release\link-rc.read.1.tlog
C:\Users\Pavel\Documents\UCSP\git\paralelo\paralelo_tareas_cpu\trabaj1_tsp_mpi\Release\link-rc.write.1.tlog
C:\Users\Pavel\Documents\UCSP\git\paralelo\paralelo_tareas_cpu\trabaj1_tsp_mpi\Release\link.command.1.tlog
C:\Users\Pavel\Documents\UCSP\git\paralelo\paralelo_tareas_cpu\trabaj1_tsp_mpi\Release\link.read.1.tlog
C:\Users\Pavel\Documents\UCSP\git\paralelo\paralelo_tareas_cpu\trabaj1_tsp_mpi\Release\link.read.2.tlog
C:\Users\Pavel\Documents\UCSP\git\paralelo\paralelo_tareas_cpu\trabaj1_tsp_mpi\Release\link.read.3.tlog
C:\Users\Pavel\Documents\UCSP\git\paralelo\paralelo_tareas_cpu\trabaj1_tsp_mpi\Release\link.read.4.tlog
C:\Users\Pavel\Documents\UCSP\git\paralelo\paralelo_tareas_cpu\trabaj1_tsp_mpi\Release\link.read.5.tlog
C:\Users\Pavel\Documents\UCSP\git\paralelo\paralelo_tareas_cpu\trabaj1_tsp_mpi\Release\link.write.1.tlog
C:\Users\Pavel\Documents\UCSP\git\paralelo\paralelo_tareas_cpu\trabaj1_tsp_mpi\Release\vc110.pdb
C:\Users\Pavel\Documents\UCSP\git\paralelo\paralelo_tareas_cpu\Release\trabaj1_tsp_mpi.pdb
C:\Users\Pavel\Documents\UCSP\git\paralelo\paralelo_tareas_cpu\Release\trabaj1_tsp_mpi.exe
