Build started 6/1/2016 5:49:13 PM.
     1>Project "C:\Users\Pavel\Documents\UCSP\git\paralelo\paralelo_tareas_cpu\trabaj1_tsp\trabaj1_tsp.vcxproj" on node 2 (Build target(s)).
     1>ClCompile:
         C:\Program Files (x86)\Microsoft Visual Studio 11.0\VC\bin\CL.exe /c /Zi /nologo /W3 /WX- /O2 /Oi /Oy- /GL /D WIN32 /D NDEBUG /D _CONSOLE /D _UNICODE /D UNICODE /Gm- /EHsc /MD /GS /Gy /fp:precise /Zc:wchar_t /Zc:forScope /openmp /Fo"Release\\" /Fd"Release\vc110.pdb" /Gd /TP /analyze- /errorReport:prompt Source.cpp
         Source.cpp
     1>c:\users\pavel\documents\ucsp\git\paralelo\paralelo_tareas_cpu\trabaj1_tsp\helper.h(13): warning C4018: '<' : signed/unsigned mismatch
     1>c:\users\pavel\documents\ucsp\git\paralelo\paralelo_tareas_cpu\trabaj1_tsp\helper.h(15): warning C4018: '<' : signed/unsigned mismatch
     1>c:\users\pavel\documents\ucsp\git\paralelo\paralelo_tareas_cpu\trabaj1_tsp\helper.h(28): warning C4018: '<' : signed/unsigned mismatch
     1>c:\users\pavel\documents\ucsp\git\paralelo\paralelo_tareas_cpu\trabaj1_tsp\helper.h(39): warning C4018: '<' : signed/unsigned mismatch
     1>c:\users\pavel\documents\ucsp\git\paralelo\paralelo_tareas_cpu\trabaj1_tsp\helper.h(41): warning C4018: '<' : signed/unsigned mismatch
     1>c:\users\pavel\documents\ucsp\git\paralelo\paralelo_tareas_cpu\trabaj1_tsp\helper.h(48): warning C4018: '<' : signed/unsigned mismatch
     1>c:\users\pavel\documents\ucsp\git\paralelo\paralelo_tareas_cpu\trabaj1_tsp\helper.h(62): warning C4018: '<' : signed/unsigned mismatch
     1>Source.cpp(29): warning C4018: '<' : signed/unsigned mismatch
     1>Source.cpp(65): warning C4996: 'strtok': This function or variable may be unsafe. Consider using strtok_s instead. To disable deprecation, use _CRT_SECURE_NO_WARNINGS. See online help for details.
                 C:\Program Files (x86)\Microsoft Visual Studio 11.0\VC\include\string.h(200) : see declaration of 'strtok'
     1>Source.cpp(67): warning C4996: 'strtok': This function or variable may be unsafe. Consider using strtok_s instead. To disable deprecation, use _CRT_SECURE_NO_WARNINGS. See online help for details.
                 C:\Program Files (x86)\Microsoft Visual Studio 11.0\VC\include\string.h(200) : see declaration of 'strtok'
     1>Source.cpp(83): warning C4996: 'strtok': This function or variable may be unsafe. Consider using strtok_s instead. To disable deprecation, use _CRT_SECURE_NO_WARNINGS. See online help for details.
                 C:\Program Files (x86)\Microsoft Visual Studio 11.0\VC\include\string.h(200) : see declaration of 'strtok'
     1>Source.cpp(85): warning C4996: 'strtok': This function or variable may be unsafe. Consider using strtok_s instead. To disable deprecation, use _CRT_SECURE_NO_WARNINGS. See online help for details.
                 C:\Program Files (x86)\Microsoft Visual Studio 11.0\VC\include\string.h(200) : see declaration of 'strtok'
     1>Source.cpp(87): warning C4996: 'strtok': This function or variable may be unsafe. Consider using strtok_s instead. To disable deprecation, use _CRT_SECURE_NO_WARNINGS. See online help for details.
                 C:\Program Files (x86)\Microsoft Visual Studio 11.0\VC\include\string.h(200) : see declaration of 'strtok'
     1>Source.cpp(116): warning C4018: '<' : signed/unsigned mismatch
     1>Source.cpp(96): warning C4101: 'next_city' : unreferenced local variable
     1>Source.cpp(96): warning C4101: 'city' : unreferenced local variable
     1>Source.cpp(157): warning C4018: '<' : signed/unsigned mismatch
     1>Source.cpp(130): warning C4101: 'root_id' : unreferenced local variable
     1>Source.cpp(130): warning C4101: 'next_city' : unreferenced local variable
     1>Source.cpp(130): warning C4101: 'city' : unreferenced local variable
     1>Source.cpp(198): warning C4018: '<' : signed/unsigned mismatch
     1>Source.cpp(313): warning C4018: '>=' : signed/unsigned mismatch
     1>Source.cpp(354): warning C4018: '<' : signed/unsigned mismatch
     1>Source.cpp(265): warning C4101: 'best_cost' : unreferenced local variable
     1>Source.cpp(265): warning C4101: 'cost' : unreferenced local variable
     1>Source.cpp(264): warning C4101: 'n_global_queue_size' : unreferenced local variable
     1>Source.cpp(298): warning C4101: 'l_best_tour' : unreferenced local variable
       Link:
         C:\Program Files (x86)\Microsoft Visual Studio 11.0\VC\bin\link.exe /ERRORREPORT:PROMPT /OUT:"C:\Users\Pavel\Documents\UCSP\git\paralelo\paralelo_tareas_cpu\Release\trabaj1_tsp.exe" /INCREMENTAL:NO /NOLOGO /MANIFEST /MANIFESTUAC:"level='asInvoker' uiAccess='false'" /manifest:embed /DEBUG /PDB:"C:\Users\Pavel\Documents\UCSP\git\paralelo\paralelo_tareas_cpu\Release\trabaj1_tsp.pdb" /SUBSYSTEM:CONSOLE /OPT:REF /OPT:ICF /LTCG /TLBID:1 /DYNAMICBASE /NXCOMPAT /IMPLIB:"C:\Users\Pavel\Documents\UCSP\git\paralelo\paralelo_tareas_cpu\Release\trabaj1_tsp.lib" /MACHINE:X86 /SAFESEH Release\Source.obj
         Generating code
         Finished generating code
         trabaj1_tsp.vcxproj -> C:\Users\Pavel\Documents\UCSP\git\paralelo\paralelo_tareas_cpu\Release\trabaj1_tsp.exe
     1>Done Building Project "C:\Users\Pavel\Documents\UCSP\git\paralelo\paralelo_tareas_cpu\trabaj1_tsp\trabaj1_tsp.vcxproj" (Build target(s)).

Build succeeded.

Time Elapsed 00:00:02.12
