Build started 5/26/2016 11:37:36 AM.
     1>Project "C:\Users\Pavel\Documents\UCSP\git\paralelo\paralelo_tareas_cpu\trabajo1_nbody\trabajo1_nbody.vcxproj" on node 2 (Build target(s)).
     1>ClCompile:
         C:\Program Files (x86)\Microsoft Visual Studio 11.0\VC\bin\CL.exe /c /Zi /nologo /W3 /WX- /O2 /Oi /Oy- /GL /D WIN32 /D NDEBUG /D _CONSOLE /D _UNICODE /D UNICODE /Gm- /EHsc /MD /GS /Gy /fp:precise /Zc:wchar_t /Zc:forScope /Fo"Release\\" /Fd"Release\vc110.pdb" /Gd /TP /analyze- /errorReport:prompt Source.cpp
         Source.cpp
     1>c:\users\pavel\documents\ucsp\git\paralelo\paralelo_tareas_cpu\trabajo1_nbody\helper.h(123): warning C4800: 'int' : forcing value to bool 'true' or 'false' (performance warning)
     1>c:\users\pavel\documents\ucsp\git\paralelo\paralelo_tareas_cpu\trabajo1_nbody\helper.h(160): warning C4800: 'int' : forcing value to bool 'true' or 'false' (performance warning)
     1>c:\users\pavel\documents\ucsp\git\paralelo\paralelo_tareas_cpu\trabajo1_nbody\program.h(20): warning C4101: 'tam' : unreferenced local variable
     1>c:\users\pavel\documents\ucsp\git\paralelo\paralelo_tareas_cpu\trabajo1_nbody\program.h(19): warning C4101: 'q' : unreferenced local variable
     1>c:\users\pavel\documents\ucsp\git\paralelo\paralelo_tareas_cpu\trabajo1_nbody\program.h(93): warning C4101: 'tam' : unreferenced local variable
     1>c:\users\pavel\documents\ucsp\git\paralelo\paralelo_tareas_cpu\trabajo1_nbody\program.h(92): warning C4101: 'q' : unreferenced local variable
     1>c:\users\pavel\documents\ucsp\git\paralelo\paralelo_tareas_cpu\trabajo1_nbody\program.h(163): warning C4101: 'tam' : unreferenced local variable
     1>c:\users\pavel\documents\ucsp\git\paralelo\paralelo_tareas_cpu\trabajo1_nbody\program.h(162): warning C4101: 'q' : unreferenced local variable
     1>c:\users\pavel\documents\ucsp\git\paralelo\paralelo_tareas_cpu\trabajo1_nbody\program.h(243): warning C4101: 'tam' : unreferenced local variable
     1>c:\users\pavel\documents\ucsp\git\paralelo\paralelo_tareas_cpu\trabajo1_nbody\program.h(242): warning C4101: 'q' : unreferenced local variable
     1>c:\users\pavel\documents\ucsp\git\paralelo\paralelo_tareas_cpu\trabajo1_nbody\program.h(334): warning C4101: 'tam' : unreferenced local variable
     1>c:\users\pavel\documents\ucsp\git\paralelo\paralelo_tareas_cpu\trabajo1_nbody\program.h(333): warning C4101: 'q' : unreferenced local variable
     1>c:\users\pavel\documents\ucsp\git\paralelo\paralelo_tareas_cpu\trabajo1_nbody\program.h(449): warning C4101: 'tam' : unreferenced local variable
     1>c:\users\pavel\documents\ucsp\git\paralelo\paralelo_tareas_cpu\trabajo1_nbody\program.h(448): warning C4101: 'q' : unreferenced local variable
       Link:
         C:\Program Files (x86)\Microsoft Visual Studio 11.0\VC\bin\link.exe /ERRORREPORT:PROMPT /OUT:"C:\Users\Pavel\Documents\UCSP\git\paralelo\paralelo_tareas_cpu\Release\trabajo1_nbody.exe" /INCREMENTAL:NO /NOLOGO /LIBPATH:"C:\Program Files (x86)\Microsoft SDKs\MPI\Lib\x86" msmpi.lib /MANIFEST /MANIFESTUAC:"level='asInvoker' uiAccess='false'" /manifest:embed /DEBUG /PDB:"C:\Users\Pavel\Documents\UCSP\git\paralelo\paralelo_tareas_cpu\Release\trabajo1_nbody.pdb" /SUBSYSTEM:CONSOLE /OPT:REF /OPT:ICF /LTCG /TLBID:1 /DYNAMICBASE /NXCOMPAT /IMPLIB:"C:\Users\Pavel\Documents\UCSP\git\paralelo\paralelo_tareas_cpu\Release\trabajo1_nbody.lib" /MACHINE:X86 /SAFESEH Release\Source.obj
         Generating code
         Finished generating code
         trabajo1_nbody.vcxproj -> C:\Users\Pavel\Documents\UCSP\git\paralelo\paralelo_tareas_cpu\Release\trabajo1_nbody.exe
     1>Done Building Project "C:\Users\Pavel\Documents\UCSP\git\paralelo\paralelo_tareas_cpu\trabajo1_nbody\trabajo1_nbody.vcxproj" (Build target(s)).

Build succeeded.

Time Elapsed 00:00:01.55
