Build started 6/2/2016 9:10:10 AM.
     1>Project "C:\Users\Pavel\Documents\UCSP\git\paralelo\paralelo_tareas_cpu\zBorrame\zBorrame.vcxproj" on node 2 (Build target(s)).
     1>ClCompile:
         C:\Program Files (x86)\Microsoft Visual Studio 11.0\VC\bin\CL.exe /c /Zi /nologo /W3 /WX- /O2 /Oi /Oy- /GL /D WIN32 /D NDEBUG /D _CONSOLE /D _UNICODE /D UNICODE /Gm- /EHsc /MD /GS /Gy /fp:precise /Zc:wchar_t /Zc:forScope /Fo"Release\\" /Fd"Release\vc110.pdb" /Gd /TP /analyze- /errorReport:prompt Source.cpp
         Source.cpp
     1>c:\users\pavel\documents\ucsp\git\paralelo\paralelo_tareas_cpu\zborrame\helper.h(18): warning C4018: '<' : signed/unsigned mismatch
     1>c:\users\pavel\documents\ucsp\git\paralelo\paralelo_tareas_cpu\zborrame\helper.h(20): warning C4018: '<' : signed/unsigned mismatch
     1>c:\users\pavel\documents\ucsp\git\paralelo\paralelo_tareas_cpu\zborrame\helper.h(33): warning C4018: '<' : signed/unsigned mismatch
     1>c:\users\pavel\documents\ucsp\git\paralelo\paralelo_tareas_cpu\zborrame\helper.h(44): warning C4018: '<' : signed/unsigned mismatch
     1>c:\users\pavel\documents\ucsp\git\paralelo\paralelo_tareas_cpu\zborrame\helper.h(46): warning C4018: '<' : signed/unsigned mismatch
     1>c:\users\pavel\documents\ucsp\git\paralelo\paralelo_tareas_cpu\zborrame\helper.h(53): warning C4018: '<' : signed/unsigned mismatch
     1>c:\users\pavel\documents\ucsp\git\paralelo\paralelo_tareas_cpu\zborrame\helper.h(67): warning C4018: '<' : signed/unsigned mismatch
     1>Source.cpp(35): warning C4018: '<' : signed/unsigned mismatch
     1>Source.cpp(71): warning C4996: 'strtok': This function or variable may be unsafe. Consider using strtok_s instead. To disable deprecation, use _CRT_SECURE_NO_WARNINGS. See online help for details.
                 C:\Program Files (x86)\Microsoft Visual Studio 11.0\VC\include\string.h(200) : see declaration of 'strtok'
     1>Source.cpp(73): warning C4996: 'strtok': This function or variable may be unsafe. Consider using strtok_s instead. To disable deprecation, use _CRT_SECURE_NO_WARNINGS. See online help for details.
                 C:\Program Files (x86)\Microsoft Visual Studio 11.0\VC\include\string.h(200) : see declaration of 'strtok'
     1>Source.cpp(89): warning C4996: 'strtok': This function or variable may be unsafe. Consider using strtok_s instead. To disable deprecation, use _CRT_SECURE_NO_WARNINGS. See online help for details.
                 C:\Program Files (x86)\Microsoft Visual Studio 11.0\VC\include\string.h(200) : see declaration of 'strtok'
     1>Source.cpp(91): warning C4996: 'strtok': This function or variable may be unsafe. Consider using strtok_s instead. To disable deprecation, use _CRT_SECURE_NO_WARNINGS. See online help for details.
                 C:\Program Files (x86)\Microsoft Visual Studio 11.0\VC\include\string.h(200) : see declaration of 'strtok'
     1>Source.cpp(93): warning C4996: 'strtok': This function or variable may be unsafe. Consider using strtok_s instead. To disable deprecation, use _CRT_SECURE_NO_WARNINGS. See online help for details.
                 C:\Program Files (x86)\Microsoft Visual Studio 11.0\VC\include\string.h(200) : see declaration of 'strtok'
     1>Source.cpp(129): warning C4018: '<' : signed/unsigned mismatch
     1>Source.cpp(102): warning C4101: 'root_id' : unreferenced local variable
     1>Source.cpp(102): warning C4101: 'next_city' : unreferenced local variable
     1>Source.cpp(102): warning C4101: 'city' : unreferenced local variable
     1>Source.cpp(170): warning C4018: '<' : signed/unsigned mismatch
     1>Source.cpp(221): warning C4018: '<' : signed/unsigned mismatch
     1>Source.cpp(196): warning C4101: 'root_id' : unreferenced local variable
     1>Source.cpp(196): warning C4101: 'next_city' : unreferenced local variable
     1>Source.cpp(196): warning C4101: 'city' : unreferenced local variable
     1>Source.cpp(261): warning C4018: '<' : signed/unsigned mismatch
     1>Source.cpp(343): warning C4018: '<' : signed/unsigned mismatch
     1>Source.cpp(313): warning C4101: 'root_id' : unreferenced local variable
     1>Source.cpp(313): warning C4101: 'next_city' : unreferenced local variable
     1>Source.cpp(313): warning C4101: 'city' : unreferenced local variable
     1>Source.cpp(380): warning C4101: 'best_cost' : unreferenced local variable
     1>Source.cpp(380): warning C4101: 'cost' : unreferenced local variable
     1>Source.cpp(382): warning C4101: 'tour' : unreferenced local variable
     1>Source.cpp(379): warning C4101: 'n_global_queue_size' : unreferenced local variable
       Link:
         C:\Program Files (x86)\Microsoft Visual Studio 11.0\VC\bin\link.exe /ERRORREPORT:PROMPT /OUT:"C:\Users\Pavel\Documents\UCSP\git\paralelo\paralelo_tareas_cpu\Release\zBorrame.exe" /INCREMENTAL:NO /NOLOGO /LIBPATH:C:\Users\Pavel\Documents\UCSP\git\paralelo\paralelo_tareas_cpu\zBorrame\pthreads pthreadVC2.lib /MANIFEST /MANIFESTUAC:"level='asInvoker' uiAccess='false'" /manifest:embed /DEBUG /PDB:"C:\Users\Pavel\Documents\UCSP\git\paralelo\paralelo_tareas_cpu\Release\zBorrame.pdb" /SUBSYSTEM:CONSOLE /OPT:REF /OPT:ICF /LTCG /TLBID:1 /DYNAMICBASE /NXCOMPAT /IMPLIB:"C:\Users\Pavel\Documents\UCSP\git\paralelo\paralelo_tareas_cpu\Release\zBorrame.lib" /MACHINE:X86 /SAFESEH Release\Source.obj
         Generating code
         Finished generating code
         zBorrame.vcxproj -> C:\Users\Pavel\Documents\UCSP\git\paralelo\paralelo_tareas_cpu\Release\zBorrame.exe
     1>Done Building Project "C:\Users\Pavel\Documents\UCSP\git\paralelo\paralelo_tareas_cpu\zBorrame\zBorrame.vcxproj" (Build target(s)).

Build succeeded.

Time Elapsed 00:00:02.05
