Build started 5/27/2016 9:20:06 PM.
     1>Project "C:\Users\Pavel\Documents\UCSP\git\paralelo\paralelo_tareas_cpu\trabaj1_tsp\trabaj1_tsp.vcxproj" on node 2 (Build target(s)).
     1>ClCompile:
         C:\Program Files (x86)\Microsoft Visual Studio 11.0\VC\bin\CL.exe /c /Zi /nologo /W3 /WX- /O2 /Oi /Oy- /GL /D WIN32 /D NDEBUG /D _CONSOLE /D _UNICODE /D UNICODE /Gm- /EHsc /MD /GS /Gy /fp:precise /Zc:wchar_t /Zc:forScope /openmp /Fo"Release\\" /Fd"Release\vc110.pdb" /Gd /TP /analyze- /errorReport:prompt Source.cpp
         Source.cpp
     1>c:\users\pavel\documents\ucsp\git\paralelo\paralelo_tareas_cpu\trabaj1_tsp\helper.h(6): warning C4018: '<' : signed/unsigned mismatch
     1>c:\users\pavel\documents\ucsp\git\paralelo\paralelo_tareas_cpu\trabaj1_tsp\helper.h(8): warning C4018: '<' : signed/unsigned mismatch
     1>c:\users\pavel\documents\ucsp\git\paralelo\paralelo_tareas_cpu\trabaj1_tsp\helper.h(21): warning C4018: '<' : signed/unsigned mismatch
     1>c:\users\pavel\documents\ucsp\git\paralelo\paralelo_tareas_cpu\trabaj1_tsp\helper.h(32): warning C4018: '<' : signed/unsigned mismatch
     1>c:\users\pavel\documents\ucsp\git\paralelo\paralelo_tareas_cpu\trabaj1_tsp\helper.h(34): warning C4018: '<' : signed/unsigned mismatch
     1>Source.cpp(29): warning C4018: '<' : signed/unsigned mismatch
     1>Source.cpp(60): warning C4996: 'strtok': This function or variable may be unsafe. Consider using strtok_s instead. To disable deprecation, use _CRT_SECURE_NO_WARNINGS. See online help for details.
                 C:\Program Files (x86)\Microsoft Visual Studio 11.0\VC\include\string.h(200) : see declaration of 'strtok'
     1>Source.cpp(62): warning C4996: 'strtok': This function or variable may be unsafe. Consider using strtok_s instead. To disable deprecation, use _CRT_SECURE_NO_WARNINGS. See online help for details.
                 C:\Program Files (x86)\Microsoft Visual Studio 11.0\VC\include\string.h(200) : see declaration of 'strtok'
     1>Source.cpp(78): warning C4996: 'strtok': This function or variable may be unsafe. Consider using strtok_s instead. To disable deprecation, use _CRT_SECURE_NO_WARNINGS. See online help for details.
                 C:\Program Files (x86)\Microsoft Visual Studio 11.0\VC\include\string.h(200) : see declaration of 'strtok'
     1>Source.cpp(80): warning C4996: 'strtok': This function or variable may be unsafe. Consider using strtok_s instead. To disable deprecation, use _CRT_SECURE_NO_WARNINGS. See online help for details.
                 C:\Program Files (x86)\Microsoft Visual Studio 11.0\VC\include\string.h(200) : see declaration of 'strtok'
     1>Source.cpp(82): warning C4996: 'strtok': This function or variable may be unsafe. Consider using strtok_s instead. To disable deprecation, use _CRT_SECURE_NO_WARNINGS. See online help for details.
                 C:\Program Files (x86)\Microsoft Visual Studio 11.0\VC\include\string.h(200) : see declaration of 'strtok'
     1>Source.cpp(111): warning C4018: '<' : signed/unsigned mismatch
     1>Source.cpp(91): warning C4101: 'next_city' : unreferenced local variable
     1>Source.cpp(91): warning C4101: 'city' : unreferenced local variable
     1>Source.cpp(151): warning C4018: '<' : signed/unsigned mismatch
     1>Source.cpp(125): warning C4101: 'root_id' : unreferenced local variable
     1>Source.cpp(125): warning C4101: 'next_city' : unreferenced local variable
     1>Source.cpp(125): warning C4101: 'city' : unreferenced local variable
     1>Source.cpp(185): warning C4018: '<' : signed/unsigned mismatch
     1>Source.cpp(291): warning C4018: '>=' : signed/unsigned mismatch
     1>Source.cpp(295): warning C4018: '<' : signed/unsigned mismatch
     1>Source.cpp(325): warning C4018: '<' : signed/unsigned mismatch
     1>Source.cpp(327): warning C4018: '<' : signed/unsigned mismatch
     1>Source.cpp(335): warning C4018: '<' : signed/unsigned mismatch
     1>Source.cpp(253): warning C4101: 'best_cost' : unreferenced local variable
     1>Source.cpp(253): warning C4101: 'cost' : unreferenced local variable
     1>Source.cpp(255): warning C4101: 'best_tour' : unreferenced local variable
     1>Source.cpp(252): warning C4101: 'n_global_queue_size' : unreferenced local variable
       Link:
         C:\Program Files (x86)\Microsoft Visual Studio 11.0\VC\bin\link.exe /ERRORREPORT:PROMPT /OUT:"C:\Users\Pavel\Documents\UCSP\git\paralelo\paralelo_tareas_cpu\Release\trabaj1_tsp.exe" /INCREMENTAL:NO /NOLOGO /MANIFEST /MANIFESTUAC:"level='asInvoker' uiAccess='false'" /manifest:embed /DEBUG /PDB:"C:\Users\Pavel\Documents\UCSP\git\paralelo\paralelo_tareas_cpu\Release\trabaj1_tsp.pdb" /SUBSYSTEM:CONSOLE /OPT:REF /OPT:ICF /LTCG /TLBID:1 /DYNAMICBASE /NXCOMPAT /IMPLIB:"C:\Users\Pavel\Documents\UCSP\git\paralelo\paralelo_tareas_cpu\Release\trabaj1_tsp.lib" /MACHINE:X86 /SAFESEH Release\Source.obj
         Generating code
     1>c:\users\pavel\documents\ucsp\git\paralelo\paralelo_tareas_cpu\trabaj1_tsp\source.cpp(337): warning C4700: uninitialized local variable 'tmp_best_tour' used
     1>c:\users\pavel\documents\ucsp\git\paralelo\paralelo_tareas_cpu\trabaj1_tsp\source.cpp(341): warning C4700: uninitialized local variable 'l_best_tour' used
         Finished generating code
         trabaj1_tsp.vcxproj -> C:\Users\Pavel\Documents\UCSP\git\paralelo\paralelo_tareas_cpu\Release\trabaj1_tsp.exe
     1>Done Building Project "C:\Users\Pavel\Documents\UCSP\git\paralelo\paralelo_tareas_cpu\trabaj1_tsp\trabaj1_tsp.vcxproj" (Build target(s)).

Build succeeded.

Time Elapsed 00:00:02.58
