C:\USERS\PAVEL\DOCUMENTS\UCSP\GIT\PARALELO\PARALELO_TAREAS_CPU\TRABAJ1_TSP\RELEASE\SOURCE.OBJ
C:\USERS\PAVEL\DOCUMENTS\UCSP\GIT\PARALELO\PARALELO_TAREAS_CPU\TRABAJ1_TSP\RELEASE\VC110.PDB
C:\USERS\PAVEL\DOCUMENTS\UCSP\GIT\PARALELO\PARALELO_TAREAS_CPU\RELEASE\TRABAJ1_TSP.EXE
C:\USERS\PAVEL\DOCUMENTS\UCSP\GIT\PARALELO\PARALELO_TAREAS_CPU\RELEASE\TRABAJ1_TSP.PDB
C:\Users\Pavel\Documents\UCSP\git\paralelo\paralelo_tareas_cpu\trabaj1_tsp\Release\Source.obj
C:\Users\Pavel\Documents\UCSP\git\paralelo\paralelo_tareas_cpu\trabaj1_tsp\Release\cl.command.1.tlog
C:\Users\Pavel\Documents\UCSP\git\paralelo\paralelo_tareas_cpu\trabaj1_tsp\Release\CL.read.1.tlog
C:\Users\Pavel\Documents\UCSP\git\paralelo\paralelo_tareas_cpu\trabaj1_tsp\Release\CL.write.1.tlog
C:\Users\Pavel\Documents\UCSP\git\paralelo\paralelo_tareas_cpu\trabaj1_tsp\Release\link-cvtres.read.1.tlog
C:\Users\Pavel\Documents\UCSP\git\paralelo\paralelo_tareas_cpu\trabaj1_tsp\Release\link-cvtres.write.1.tlog
C:\Users\Pavel\Documents\UCSP\git\paralelo\paralelo_tareas_cpu\trabaj1_tsp\Release\link-rc.read.1.tlog
C:\Users\Pavel\Documents\UCSP\git\paralelo\paralelo_tareas_cpu\trabaj1_tsp\Release\link-rc.write.1.tlog
C:\Users\Pavel\Documents\UCSP\git\paralelo\paralelo_tareas_cpu\trabaj1_tsp\Release\link.command.1.tlog
C:\Users\Pavel\Documents\UCSP\git\paralelo\paralelo_tareas_cpu\trabaj1_tsp\Release\link.read.1.tlog
C:\Users\Pavel\Documents\UCSP\git\paralelo\paralelo_tareas_cpu\trabaj1_tsp\Release\link.read.2.tlog
C:\Users\Pavel\Documents\UCSP\git\paralelo\paralelo_tareas_cpu\trabaj1_tsp\Release\link.read.5.tlog
C:\Users\Pavel\Documents\UCSP\git\paralelo\paralelo_tareas_cpu\trabaj1_tsp\Release\link.write.1.tlog
C:\Users\Pavel\Documents\UCSP\git\paralelo\paralelo_tareas_cpu\trabaj1_tsp\Release\vc110.pdb
C:\Users\Pavel\Documents\UCSP\git\paralelo\paralelo_tareas_cpu\Release\trabaj1_tsp.pdb
C:\Users\Pavel\Documents\UCSP\git\paralelo\paralelo_tareas_cpu\Release\trabaj1_tsp.exe
